<?xml version="1.0" encoding="UTF-8"?>
<!-- Generated by org.testng.reporters.JUnitXMLReporter -->
<testsuite ignored="0" hostname="DESKTOP-SKQGP0J" failures="0" tests="3" name="Regression Test" time="53.376" errors="0" timestamp="2023-01-09T12:05:41 EET">
  <testcase classname="Tests.RegisteredUserCheckout" name="UserCanRegisterSuccssfully" time="16.166"/>
  <testcase classname="Tests.RegisteredUserCheckout" name="UserCanRegisterSuccssfully" time="21.131"/>
  <testcase classname="Tests.RegisteredUserCheckout" name="UserCanRegisterSuccssfully" time="14.959"/>
</testsuite> <!-- Regression Test -->
