<?xml version="1.0" encoding="UTF-8"?>
<testng-results ignored="0" total="3" passed="3" failed="0" skipped="0">
  <reporter-output>
  </reporter-output>
  <suite started-at="2023-01-09T12:04:47 EET" name="Regression Suite" finished-at="2023-01-09T12:05:40 EET" duration-ms="53376">
    <groups>
    </groups>
    <test started-at="2023-01-09T12:04:47 EET" name="Regression Test" finished-at="2023-01-09T12:05:40 EET" duration-ms="53376">
      <class name="Tests.RegisteredUserCheckout">
        <test-method is-config="true" signature="openBrowser()[pri:0, instance:Tests.RegisteredUserCheckout@69e153c5]" started-at="2023-01-09T12:04:40 EET" name="openBrowser" finished-at="2023-01-09T12:04:47 EET" duration-ms="6877" status="PASS">
          <reporter-output>
          </reporter-output>
        </test-method> <!-- openBrowser -->
        <test-method is-config="true" signature="RegisteredUserCheckoutBeforeClass()[pri:0, instance:Tests.RegisteredUserCheckout@69e153c5]" started-at="2023-01-09T12:04:47 EET" name="RegisteredUserCheckoutBeforeClass" finished-at="2023-01-09T12:04:47 EET" duration-ms="40" status="PASS">
          <reporter-output>
          </reporter-output>
        </test-method> <!-- RegisteredUserCheckoutBeforeClass -->
        <test-method signature="UserCanRegisterSuccssfully(java.lang.String,java.lang.String,java.lang.String,java.lang.String)[pri:1, instance:Tests.RegisteredUserCheckout@69e153c5]" started-at="2023-01-09T12:04:48 EET" name="UserCanRegisterSuccssfully" data-provider="ExcelFileData" finished-at="2023-01-09T12:05:04 EET" duration-ms="16166" status="PASS">
          <params>
            <param index="0">
              <value>
                <![CDATA[Lowell]]>
              </value>
            </param>
            <param index="1">
              <value>
                <![CDATA[Haag]]>
              </value>
            </param>
            <param index="2">
              <value>
                <![CDATA[sylyeet.sheyrrw@gmail.com]]>
              </value>
            </param>
            <param index="3">
              <value>
                <![CDATA[4.51272575E8]]>
              </value>
            </param>
          </params>
          <reporter-output>
          </reporter-output>
        </test-method> <!-- UserCanRegisterSuccssfully -->
        <test-method signature="UserCanRegisterSuccssfully(java.lang.String,java.lang.String,java.lang.String,java.lang.String)[pri:1, instance:Tests.RegisteredUserCheckout@69e153c5]" started-at="2023-01-09T12:05:04 EET" name="UserCanRegisterSuccssfully" data-provider="ExcelFileData" finished-at="2023-01-09T12:05:25 EET" duration-ms="21131" status="PASS">
          <params>
            <param index="0">
              <value>
                <![CDATA[Pasquale]]>
              </value>
            </param>
            <param index="1">
              <value>
                <![CDATA[Gottlieb]]>
              </value>
            </param>
            <param index="2">
              <value>
                <![CDATA[natile.niowo@gmail.com]]>
              </value>
            </param>
            <param index="3">
              <value>
                <![CDATA[6254815.0]]>
              </value>
            </param>
          </params>
          <reporter-output>
          </reporter-output>
        </test-method> <!-- UserCanRegisterSuccssfully -->
        <test-method signature="UserCanRegisterSuccssfully(java.lang.String,java.lang.String,java.lang.String,java.lang.String)[pri:1, instance:Tests.RegisteredUserCheckout@69e153c5]" started-at="2023-01-09T12:05:25 EET" name="UserCanRegisterSuccssfully" data-provider="ExcelFileData" finished-at="2023-01-09T12:05:40 EET" duration-ms="14959" status="PASS">
          <params>
            <param index="0">
              <value>
                <![CDATA[Rodney]]>
              </value>
            </param>
            <param index="1">
              <value>
                <![CDATA[Runte]]>
              </value>
            </param>
            <param index="2">
              <value>
                <![CDATA[tyone.robul@yahoo.com]]>
              </value>
            </param>
            <param index="3">
              <value>
                <![CDATA[8.11061845E8]]>
              </value>
            </param>
          </params>
          <reporter-output>
          </reporter-output>
        </test-method> <!-- UserCanRegisterSuccssfully -->
        <test-method is-config="true" signature="quitDriver()[pri:0, instance:Tests.RegisteredUserCheckout@69e153c5]" started-at="2023-01-09T12:05:41 EET" name="quitDriver" finished-at="2023-01-09T12:05:42 EET" duration-ms="835" status="PASS">
          <reporter-output>
          </reporter-output>
        </test-method> <!-- quitDriver -->
      </class> <!-- Tests.RegisteredUserCheckout -->
    </test> <!-- Regression Test -->
  </suite> <!-- Regression Suite -->
</testng-results>
